

Started GET "/assets/rails.png" for 127.0.0.1 at 2017-03-02 19:51:10 +0100
Connecting to database specified by database.yml
Served asset /rails.png - 200 OK (4ms)


Started GET "/assets/rails.png" for 127.0.0.1 at 2017-03-02 20:16:33 +0100

TypeError (no implicit conversion of String into Hash):
  config/routes.rb:4:in `block in <top (required)>'
  config/routes.rb:1:in `<top (required)>'


  Rendered /home/konstantin/.rvm/gems/ruby-2.1.5/gems/actionpack-3.2.22.2/lib/action_dispatch/middleware/templates/rescues/_trace.erb (1.0ms)
  Rendered /home/konstantin/.rvm/gems/ruby-2.1.5/gems/actionpack-3.2.22.2/lib/action_dispatch/middleware/templates/rescues/_request_and_response.erb (2.8ms)
  Rendered /home/konstantin/.rvm/gems/ruby-2.1.5/gems/actionpack-3.2.22.2/lib/action_dispatch/middleware/templates/rescues/diagnostics.erb within rescues/layout (14.6ms)


Started GET "/assets/rails.png" for 127.0.0.1 at 2017-03-02 20:20:55 +0100
Connecting to database specified by database.yml
Served asset /rails.png - 200 OK (1ms)


Started GET "/" for 127.0.0.1 at 2017-03-02 20:22:16 +0100
Processing by WelcomeController#index as HTML
  Rendered welcome/index.html.erb within layouts/application (0.8ms)
Compiled welcome.css  (2ms)  (pid 24707)
Compiled application.css  (5ms)  (pid 24707)
Compiled jquery.js  (3ms)  (pid 24707)
Compiled jquery_ujs.js  (0ms)  (pid 24707)
Compiled welcome.js  (255ms)  (pid 24707)
Compiled application.js  (275ms)  (pid 24707)
Completed 200 OK in 309.3ms (Views: 308.9ms | ActiveRecord: 0.0ms)


Started GET "/assets/welcome.css?body=1" for 127.0.0.1 at 2017-03-02 20:22:16 +0100
Served asset /welcome.css - 200 OK (24ms)


Started GET "/assets/application.css?body=1" for 127.0.0.1 at 2017-03-02 20:22:16 +0100
Served asset /application.css - 200 OK (6ms)


Started GET "/assets/welcome.js?body=1" for 127.0.0.1 at 2017-03-02 20:22:16 +0100
Served asset /welcome.js - 200 OK (2ms)


Started GET "/assets/jquery_ujs.js?body=1" for 127.0.0.1 at 2017-03-02 20:22:16 +0100
Served asset /jquery_ujs.js - 200 OK (4ms)


Started GET "/assets/jquery.js?body=1" for 127.0.0.1 at 2017-03-02 20:22:16 +0100
Served asset /jquery.js - 200 OK (2ms)


Started GET "/assets/application.js?body=1" for 127.0.0.1 at 2017-03-02 20:22:16 +0100
Served asset /application.js - 200 OK (7ms)


Started GET "/" for 127.0.0.1 at 2017-03-13 18:16:50 +0100
Connecting to database specified by database.yml
Processing by WelcomeController#index as HTML
  Rendered welcome/index.html.erb within layouts/application (1.1ms)
Completed 200 OK in 23.2ms (Views: 22.9ms | ActiveRecord: 0.0ms)


Started GET "/assets/welcome.css?body=1" for 127.0.0.1 at 2017-03-13 18:16:50 +0100
Served asset /welcome.css - 200 OK (5ms)


Started GET "/assets/application.css?body=1" for 127.0.0.1 at 2017-03-13 18:16:50 +0100
Served asset /application.css - 200 OK (2ms)


Started GET "/assets/welcome.js?body=1" for 127.0.0.1 at 2017-03-13 18:16:50 +0100
Served asset /welcome.js - 200 OK (3ms)


Started GET "/assets/jquery_ujs.js?body=1" for 127.0.0.1 at 2017-03-13 18:16:50 +0100
Served asset /jquery_ujs.js - 200 OK (2ms)


Started GET "/assets/jquery.js?body=1" for 127.0.0.1 at 2017-03-13 18:16:50 +0100
Served asset /jquery.js - 200 OK (7ms)


Started GET "/assets/application.js?body=1" for 127.0.0.1 at 2017-03-13 18:16:50 +0100
Served asset /application.js - 200 OK (9ms)
Connecting to database specified by database.yml
Connecting to database specified by database.yml
  [1m[36m (0.1ms)[0m  [1mselect sqlite_version(*)[0m
  [1m[35m (6.3ms)[0m  CREATE TABLE "schema_migrations" ("version" varchar(255) NOT NULL) 
  [1m[36m (5.1ms)[0m  [1mCREATE UNIQUE INDEX "unique_schema_migrations" ON "schema_migrations" ("version")[0m
  [1m[35m (0.1ms)[0m  SELECT "schema_migrations"."version" FROM "schema_migrations" 
Connecting to database specified by database.yml
Connecting to database specified by database.yml
  [1m[36m (0.1ms)[0m  [1mSELECT "schema_migrations"."version" FROM "schema_migrations" [0m
Migrating to CreateArticles (20170313173510)
  [1m[35m (0.0ms)[0m  select sqlite_version(*)
  [1m[36m (0.0ms)[0m  [1mbegin transaction[0m
  [1m[35m (0.4ms)[0m  CREATE TABLE "articles" ("id" INTEGER PRIMARY KEY AUTOINCREMENT NOT NULL, "header" varchar(255), "content" varchar(255), "created_at" datetime NOT NULL, "updated_at" datetime NOT NULL) 
  [1m[36m (0.1ms)[0m  [1mINSERT INTO "schema_migrations" ("version") VALUES ('20170313173510')[0m
  [1m[35m (12.1ms)[0m  commit transaction
  [1m[36m (0.1ms)[0m  [1mSELECT "schema_migrations"."version" FROM "schema_migrations" [0m
